2025-01-17 13:54:00,519 ERROR scheduler Skipped queueing frappe.deferred_insert.save_to_db because it was found in queue for library.localhost
2025-01-17 13:54:00,561 ERROR scheduler Skipped queueing frappe.website.doctype.web_page.web_page.check_publish_status because it was found in queue for library.localhost
2025-01-17 13:54:00,627 ERROR scheduler Skipped queueing frappe.twofactor.delete_all_barcodes_for_users because it was found in queue for library.localhost
2025-01-17 13:54:00,876 ERROR scheduler Skipped queueing frappe.oauth.delete_oauth2_data because it was found in queue for library.localhost
2025-01-17 13:54:00,927 ERROR scheduler Skipped queueing frappe.email.doctype.notification.notification.trigger_offset_alerts because it was found in queue for library.localhost
2025-01-18 14:38:00,978 ERROR scheduler Exception in Enqueue Events for Site library.localhost
Traceback (most recent call last):
  File "/home/varoon/library/apps/frappe/frappe/utils/caching.py", line 61, in wrapper
    return _cache[func][args_key]
KeyError: 5740354900026072187

During handling of the above exception, another exception occurred:

Traceback (most recent call last):
  File "/home/varoon/library/apps/frappe/frappe/utils/scheduler.py", line 105, in enqueue_events_for_site
    if is_scheduler_inactive():
  File "/home/varoon/library/apps/frappe/frappe/utils/scheduler.py", line 149, in is_scheduler_inactive
    if is_scheduler_disabled(verbose=verbose):
  File "/home/varoon/library/apps/frappe/frappe/utils/scheduler.py", line 162, in is_scheduler_disabled
    frappe.db.get_single_value("System Settings", "enable_scheduler")
  File "/home/varoon/library/apps/frappe/frappe/database/database.py", line 872, in get_single_value
    df = frappe.get_meta(doctype).get_field(fieldname)
  File "/home/varoon/library/apps/frappe/frappe/__init__.py", line 1317, in get_meta
    return frappe.model.meta.get_meta(doctype, cached=cached)
  File "/home/varoon/library/apps/frappe/frappe/model/meta.py", line 82, in get_meta
    meta = Meta(doctype)
  File "/usr/lib/python3.10/functools.py", line 926, in _method
    return method.__get__(obj, cls)(*args, **kwargs)
  File "/home/varoon/library/apps/frappe/frappe/model/meta.py", line 147, in _
    super().__init__("DocType", doctype)
  File "/home/varoon/library/apps/frappe/frappe/model/document.py", line 174, in __init__
    self._init_dispatch(args[0], *args[1:], **kwargs)
  File "/usr/lib/python3.10/functools.py", line 926, in _method
    return method.__get__(obj, cls)(*args, **kwargs)
  File "/home/varoon/library/apps/frappe/frappe/model/document.py", line 204, in _init_str
    self._init_known_doc(doctype, name, **kwargs)
  File "/home/varoon/library/apps/frappe/frappe/model/document.py", line 192, in _init_known_doc
    self.load_from_db()
  File "/home/varoon/library/apps/frappe/frappe/model/meta.py", line 167, in load_from_db
    super().load_from_db()
  File "/home/varoon/library/apps/frappe/frappe/model/document.py", line 263, in load_from_db
    self.load_children_from_db()
  File "/home/varoon/library/apps/frappe/frappe/model/document.py", line 306, in load_children_from_db
    self.set(df.fieldname, children or [])
  File "/home/varoon/library/apps/frappe/frappe/model/base_document.py", line 254, in set
    self.extend(key, value)
  File "/home/varoon/library/apps/frappe/frappe/model/base_document.py", line 321, in extend
    self.append(key, v)
  File "/home/varoon/library/apps/frappe/frappe/model/base_document.py", line 280, in append
    d = self._init_child(value, key)
  File "/home/varoon/library/apps/frappe/frappe/model/base_document.py", line 339, in _init_child
    value = get_controller(doctype)(value)
  File "/home/varoon/library/apps/frappe/frappe/model/base_document.py", line 68, in get_controller
    return import_controller(doctype)
  File "/home/varoon/library/apps/frappe/frappe/model/base_document.py", line 90, in import_controller
    class_overrides = frappe.get_hooks("override_doctype_class")
  File "/home/varoon/library/apps/frappe/frappe/__init__.py", line 1598, in get_hooks
    hooks = _load_app_hooks()
  File "/home/varoon/library/apps/frappe/frappe/utils/caching.py", line 63, in wrapper
    return_val = func(*args, **kwargs)
  File "/home/varoon/library/apps/frappe/frappe/__init__.py", line 1567, in _load_app_hooks
    app_hooks = get_module(f"{app}.hooks")
  File "/home/varoon/library/apps/frappe/frappe/__init__.py", line 1433, in get_module
    return importlib.import_module(modulename)
  File "/usr/lib/python3.10/importlib/__init__.py", line 126, in import_module
    return _bootstrap._gcd_import(name[level:], package, level)
  File "<frozen importlib._bootstrap>", line 1050, in _gcd_import
  File "<frozen importlib._bootstrap>", line 1027, in _find_and_load
  File "<frozen importlib._bootstrap>", line 1006, in _find_and_load_unlocked
  File "<frozen importlib._bootstrap>", line 688, in _load_unlocked
  File "<frozen importlib._bootstrap_external>", line 879, in exec_module
  File "<frozen importlib._bootstrap_external>", line 1017, in get_code
  File "<frozen importlib._bootstrap_external>", line 947, in source_to_code
  File "<frozen importlib._bootstrap>", line 241, in _call_with_frames_removed
  File "/home/varoon/library/apps/library_management/library_management/hooks.py", line 9
    doc_events = {
IndentationError: unexpected indent
2025-01-18 14:42:00,162 ERROR scheduler Exception in Enqueue Events for Site library.localhost
Traceback (most recent call last):
  File "/home/varoon/library/apps/frappe/frappe/utils/caching.py", line 61, in wrapper
    return _cache[func][args_key]
KeyError: 5740354900026072187

During handling of the above exception, another exception occurred:

Traceback (most recent call last):
  File "/home/varoon/library/apps/frappe/frappe/utils/scheduler.py", line 105, in enqueue_events_for_site
    if is_scheduler_inactive():
  File "/home/varoon/library/apps/frappe/frappe/utils/scheduler.py", line 149, in is_scheduler_inactive
    if is_scheduler_disabled(verbose=verbose):
  File "/home/varoon/library/apps/frappe/frappe/utils/scheduler.py", line 162, in is_scheduler_disabled
    frappe.db.get_single_value("System Settings", "enable_scheduler")
  File "/home/varoon/library/apps/frappe/frappe/database/database.py", line 872, in get_single_value
    df = frappe.get_meta(doctype).get_field(fieldname)
  File "/home/varoon/library/apps/frappe/frappe/__init__.py", line 1317, in get_meta
    return frappe.model.meta.get_meta(doctype, cached=cached)
  File "/home/varoon/library/apps/frappe/frappe/model/meta.py", line 82, in get_meta
    meta = Meta(doctype)
  File "/usr/lib/python3.10/functools.py", line 926, in _method
    return method.__get__(obj, cls)(*args, **kwargs)
  File "/home/varoon/library/apps/frappe/frappe/model/meta.py", line 147, in _
    super().__init__("DocType", doctype)
  File "/home/varoon/library/apps/frappe/frappe/model/document.py", line 174, in __init__
    self._init_dispatch(args[0], *args[1:], **kwargs)
  File "/usr/lib/python3.10/functools.py", line 926, in _method
    return method.__get__(obj, cls)(*args, **kwargs)
  File "/home/varoon/library/apps/frappe/frappe/model/document.py", line 204, in _init_str
    self._init_known_doc(doctype, name, **kwargs)
  File "/home/varoon/library/apps/frappe/frappe/model/document.py", line 192, in _init_known_doc
    self.load_from_db()
  File "/home/varoon/library/apps/frappe/frappe/model/meta.py", line 167, in load_from_db
    super().load_from_db()
  File "/home/varoon/library/apps/frappe/frappe/model/document.py", line 263, in load_from_db
    self.load_children_from_db()
  File "/home/varoon/library/apps/frappe/frappe/model/document.py", line 306, in load_children_from_db
    self.set(df.fieldname, children or [])
  File "/home/varoon/library/apps/frappe/frappe/model/base_document.py", line 254, in set
    self.extend(key, value)
  File "/home/varoon/library/apps/frappe/frappe/model/base_document.py", line 321, in extend
    self.append(key, v)
  File "/home/varoon/library/apps/frappe/frappe/model/base_document.py", line 280, in append
    d = self._init_child(value, key)
  File "/home/varoon/library/apps/frappe/frappe/model/base_document.py", line 339, in _init_child
    value = get_controller(doctype)(value)
  File "/home/varoon/library/apps/frappe/frappe/model/base_document.py", line 68, in get_controller
    return import_controller(doctype)
  File "/home/varoon/library/apps/frappe/frappe/model/base_document.py", line 90, in import_controller
    class_overrides = frappe.get_hooks("override_doctype_class")
  File "/home/varoon/library/apps/frappe/frappe/__init__.py", line 1598, in get_hooks
    hooks = _load_app_hooks()
  File "/home/varoon/library/apps/frappe/frappe/utils/caching.py", line 63, in wrapper
    return_val = func(*args, **kwargs)
  File "/home/varoon/library/apps/frappe/frappe/__init__.py", line 1567, in _load_app_hooks
    app_hooks = get_module(f"{app}.hooks")
  File "/home/varoon/library/apps/frappe/frappe/__init__.py", line 1433, in get_module
    return importlib.import_module(modulename)
  File "/usr/lib/python3.10/importlib/__init__.py", line 126, in import_module
    return _bootstrap._gcd_import(name[level:], package, level)
  File "<frozen importlib._bootstrap>", line 1050, in _gcd_import
  File "<frozen importlib._bootstrap>", line 1027, in _find_and_load
  File "<frozen importlib._bootstrap>", line 1006, in _find_and_load_unlocked
  File "<frozen importlib._bootstrap>", line 688, in _load_unlocked
  File "<frozen importlib._bootstrap_external>", line 879, in exec_module
  File "<frozen importlib._bootstrap_external>", line 1017, in get_code
  File "<frozen importlib._bootstrap_external>", line 947, in source_to_code
  File "<frozen importlib._bootstrap>", line 241, in _call_with_frames_removed
  File "/home/varoon/library/apps/library_management/library_management/hooks.py", line 9
    doc_events = {
IndentationError: unexpected indent
2025-01-20 13:50:00,386 ERROR scheduler Skipped queueing frappe.twofactor.delete_all_barcodes_for_users because it was found in queue for library.localhost
2025-01-20 13:50:00,415 ERROR scheduler Skipped queueing frappe.email.queue.flush because it was found in queue for library.localhost
2025-01-20 13:50:00,492 ERROR scheduler Skipped queueing frappe.monitor.flush because it was found in queue for library.localhost
2025-01-20 13:50:00,503 ERROR scheduler Skipped queueing frappe.oauth.delete_oauth2_data because it was found in queue for library.localhost
2025-01-20 13:50:00,591 ERROR scheduler Skipped queueing frappe.automation.doctype.reminder.reminder.send_reminders because it was found in queue for library.localhost
2025-01-20 13:50:00,605 ERROR scheduler Skipped queueing frappe.email.doctype.email_account.email_account.notify_unreplied because it was found in queue for library.localhost
2025-01-20 13:50:00,630 ERROR scheduler Skipped queueing frappe.email.doctype.email_account.email_account.pull because it was found in queue for library.localhost
2025-01-20 13:50:00,665 ERROR scheduler Skipped queueing frappe.website.doctype.web_page.web_page.check_publish_status because it was found in queue for library.localhost
